<?xml version="1.0" encoding="UTF-8"?>
<!-- Generated by org.testng.reporters.JUnitXMLReporter -->
<testsuite ignored="0" hostname="LAPTOP-D1FKOFJF" failures="0" tests="2" name="Default test" time="0.052" errors="0" timestamp="2022-05-29T13:35:58 IST">
  <testcase classname="TestClasses.Verifytestclass" name="@BeforeTest launchbrowser" time="-1.653811558505E9">
    <failure type="org.testng.TestNGException" message="
Parameter &amp;apos;browserName&amp;apos; is required by BeforeTest on method launchbrowser but has not been marked @Optional or defined
in C:\Users\HP\AppData\Local\Temp\testng-eclipse--1220646475\testng-customsuite.xml">
      <![CDATA[org.testng.TestNGException: 
Parameter 'browserName' is required by BeforeTest on method launchbrowser but has not been marked @Optional or defined
in C:\Users\HP\AppData\Local\Temp\testng-eclipse--1220646475\testng-customsuite.xml
at org.testng.internal.Parameters.createParams(Parameters.java:270)
at org.testng.internal.Parameters.createParametersForMethod(Parameters.java:358)
at org.testng.internal.Parameters.createParameters(Parameters.java:700)
at org.testng.internal.Parameters.createConfigurationParameters(Parameters.java:168)
at org.testng.internal.ConfigInvoker.invokeConfigurations(ConfigInvoker.java:302)
at org.testng.TestRunner.invokeTestConfigurations(TestRunner.java:637)
at org.testng.TestRunner.beforeRun(TestRunner.java:627)
at org.testng.TestRunner.run(TestRunner.java:589)
at org.testng.SuiteRunner.runTest(SuiteRunner.java:377)
at org.testng.SuiteRunner.runSequentially(SuiteRunner.java:371)
at org.testng.SuiteRunner.privateRun(SuiteRunner.java:332)
at org.testng.SuiteRunner.run(SuiteRunner.java:276)
at org.testng.SuiteRunnerWorker.runSuite(SuiteRunnerWorker.java:53)
at org.testng.SuiteRunnerWorker.run(SuiteRunnerWorker.java:96)
at org.testng.TestNG.runSuitesSequentially(TestNG.java:1212)
at org.testng.TestNG.runSuitesLocally(TestNG.java:1134)
at org.testng.TestNG.runSuites(TestNG.java:1063)
at org.testng.TestNG.run(TestNG.java:1031)
at org.testng.remote.AbstractRemoteTestNG.run(AbstractRemoteTestNG.java:115)
at org.testng.remote.RemoteTestNG.initAndRun(RemoteTestNG.java:251)
at org.testng.remote.RemoteTestNG.main(RemoteTestNG.java:77)
]]>
    </failure>
  </testcase> <!-- @BeforeTest launchbrowser -->
  <testcase classname="TestClasses.Verifytestclass" name="@BeforeClass createPOMobject" time="-1.653811558525E9">
    <skipped/>
  </testcase> <!-- @BeforeClass createPOMobject -->
  <testcase classname="TestClasses.Verifytestclass" name="@BeforeMethod logintoApplication" time="-1.653811558536E9">
    <skipped/>
  </testcase> <!-- @BeforeMethod logintoApplication -->
  <testcase classname="TestClasses.Verifytestclass" name="@AfterMethod logoutfromApplication" time="-1.653811558542E9">
    <skipped/>
  </testcase> <!-- @AfterMethod logoutfromApplication -->
  <testcase classname="TestClasses.Verifytestclass" name="@BeforeMethod logintoApplication" time="-1.653811558544E9">
    <skipped/>
  </testcase> <!-- @BeforeMethod logintoApplication -->
  <testcase classname="TestClasses.Verifytestclass" name="@AfterMethod logoutfromApplication" time="-1.653811558548E9">
    <skipped/>
  </testcase> <!-- @AfterMethod logoutfromApplication -->
  <testcase classname="TestClasses.Verifytestclass" name="@AfterClass clearobject" time="-1.653811558549E9">
    <skipped/>
  </testcase> <!-- @AfterClass clearobject -->
  <testcase classname="TestClasses.Verifytestclass" name="@AfterTest closebrowser" time="-1.653811558552E9">
    <skipped/>
  </testcase> <!-- @AfterTest closebrowser -->
  <testcase classname="TestClasses.Verifytestclass" name="verifyamezonPay" time="0.0">
    <skipped/>
  </testcase> <!-- verifyamezonPay -->
  <testcase classname="TestClasses.Verifytestclass" name="verifyamezongiftcard" time="0.0">
    <skipped/>
  </testcase> <!-- verifyamezongiftcard -->
</testsuite> <!-- Default test -->
